<?xml version="1.0" encoding="utf-8" ?>
<application-config xmlns="http://unkj.hazardousholdings.com/configuration/app">

	<configuration>
		<database key="main-db">
			<class-name>org.postgresql.Driver</class-name>
			<connection-string>jdbc:postgresql://localhost:5432/unkjtest</connection-string>
			<username>unkjtest</username>
			<password>unkjtest</password>
		</database>
		<config key="log-level">SEVERE</config>
	</configuration>

	<groups>
		<group>admins</group>
	</groups>

</application-config>
